<testsuites id="" name="" tests="15" failures="8" skipped="7" errors="0" time="55.472696000000006">
<testsuite name="test_complete_flows.spec.ts" timestamp="2025-09-05T17:32:41.461Z" hostname="chromium" tests="3" failures="2" skipped="1" time="50.842" errors="0">
<testcase name="Complete Interview Flows › divorce flow completes to summary" classname="test_complete_flows.spec.ts" time="26.628">
<failure message="test_complete_flows.spec.ts:6:7 divorce flow completes to summary" type="FAILURE">
<![CDATA[  [chromium] › test_complete_flows.spec.ts:6:7 › Complete Interview Flows › divorce flow completes to summary 

    TimeoutError: locator.click: Timeout 10000ms exceeded.
    Call log:
      - waiting for locator('text=Divorce').first()
        - locator resolved to <button type="submit" value="divorced" class="btn btn-da btn-light" name="cmVsYXRpb25zaGlwX3N0YXR1cw">Divorced</button>
      - attempting click action
        - waiting for element to be visible, enabled and stable
        - element is not enabled
      - retrying click action
        - waiting for element to be visible, enabled and stable
        - element is not stable
      - retrying click action
        - waiting 20ms
        - waiting for element to be visible, enabled and stable
      - element was detached from the DOM, retrying
        - locator resolved to <span class="labelauty-unchecked">Divorce</span>
      - attempting click action
        2 × waiting for element to be visible, enabled and stable
          - element is not visible
        - retrying click action
        - waiting 20ms
        2 × waiting for element to be visible, enabled and stable
          - element is not visible
        - retrying click action
          - waiting 100ms
        18 × waiting for element to be visible, enabled and stable
           - element is not visible
         - retrying click action
           - waiting 500ms


      27 |     
      28 |     // Orders - Find and click divorce checkbox (use text-based approach)
    > 29 |     await page.locator('text=Divorce').first().click();
         |                                                ^
      30 |     await page.click('button:has-text("Continue")');
      31 |     console.log('✓ Orders selection completed');
      32 |     
        at /Users/draw/development/docassemble/docassemble_webapp/docassemble/webapp/data/questions/ontario-family-law/tests/test_complete_flows.spec.ts:29:48

    attachment #1: screenshot (image/png) ──────────────────────────────────────────────────────────
    test-results/artifacts/test_complete_flows-Comple-2ad26-e-flow-completes-to-summary-chromium/test-failed-1.png
    ────────────────────────────────────────────────────────────────────────────────────────────────

    attachment #2: video (video/webm) ──────────────────────────────────────────────────────────────
    test-results/artifacts/test_complete_flows-Comple-2ad26-e-flow-completes-to-summary-chromium/video.webm
    ────────────────────────────────────────────────────────────────────────────────────────────────

    Error Context: test-results/artifacts/test_complete_flows-Comple-2ad26-e-flow-completes-to-summary-chromium/error-context.md

    Retry #1 ───────────────────────────────────────────────────────────────────────────────────────

    TimeoutError: locator.click: Timeout 10000ms exceeded.
    Call log:
      - waiting for locator('text=Divorce').first()
        - locator resolved to <button type="submit" value="divorced" class="btn btn-da btn-light" name="cmVsYXRpb25zaGlwX3N0YXR1cw">Divorced</button>
      - attempting click action
        - waiting for element to be visible, enabled and stable
        - element is not enabled
      - retrying click action
        - waiting for element to be visible, enabled and stable
      - element was detached from the DOM, retrying
        - locator resolved to <span class="labelauty-unchecked">Divorce</span>
      - attempting click action
        2 × waiting for element to be visible, enabled and stable
          - element is not visible
        - retrying click action
        - waiting 20ms
        2 × waiting for element to be visible, enabled and stable
          - element is not visible
        - retrying click action
          - waiting 100ms
        18 × waiting for element to be visible, enabled and stable
           - element is not visible
         - retrying click action
           - waiting 500ms


      27 |     
      28 |     // Orders - Find and click divorce checkbox (use text-based approach)
    > 29 |     await page.locator('text=Divorce').first().click();
         |                                                ^
      30 |     await page.click('button:has-text("Continue")');
      31 |     console.log('✓ Orders selection completed');
      32 |     
        at /Users/draw/development/docassemble/docassemble_webapp/docassemble/webapp/data/questions/ontario-family-law/tests/test_complete_flows.spec.ts:29:48

    attachment #1: screenshot (image/png) ──────────────────────────────────────────────────────────
    test-results/artifacts/test_complete_flows-Comple-2ad26-e-flow-completes-to-summary-chromium-retry1/test-failed-1.png
    ────────────────────────────────────────────────────────────────────────────────────────────────

    attachment #2: video (video/webm) ──────────────────────────────────────────────────────────────
    test-results/artifacts/test_complete_flows-Comple-2ad26-e-flow-completes-to-summary-chromium-retry1/video.webm
    ────────────────────────────────────────────────────────────────────────────────────────────────

    Error Context: test-results/artifacts/test_complete_flows-Comple-2ad26-e-flow-completes-to-summary-chromium-retry1/error-context.md

    attachment #4: trace (application/zip) ─────────────────────────────────────────────────────────
    test-results/artifacts/test_complete_flows-Comple-2ad26-e-flow-completes-to-summary-chromium-retry1/trace.zip
    Usage:

        npx playwright show-trace test-results/artifacts/test_complete_flows-Comple-2ad26-e-flow-completes-to-summary-chromium-retry1/trace.zip

    ────────────────────────────────────────────────────────────────────────────────────────────────
]]>
</failure>
<system-out>
<![CDATA[Starting divorce flow test...
✓ Introduction completed
✓ Emergency assessment completed
✓ MIP status completed
✓ Relationship status completed

[[ATTACHMENT|artifacts/test_complete_flows-Comple-2ad26-e-flow-completes-to-summary-chromium/test-failed-1.png]]

[[ATTACHMENT|artifacts/test_complete_flows-Comple-2ad26-e-flow-completes-to-summary-chromium/video.webm]]

[[ATTACHMENT|artifacts/test_complete_flows-Comple-2ad26-e-flow-completes-to-summary-chromium/error-context.md]]
Starting divorce flow test...
✓ Introduction completed
✓ Emergency assessment completed
✓ MIP status completed
✓ Relationship status completed

[[ATTACHMENT|artifacts/test_complete_flows-Comple-2ad26-e-flow-completes-to-summary-chromium-retry1/test-failed-1.png]]

[[ATTACHMENT|artifacts/test_complete_flows-Comple-2ad26-e-flow-completes-to-summary-chromium-retry1/video.webm]]

[[ATTACHMENT|artifacts/test_complete_flows-Comple-2ad26-e-flow-completes-to-summary-chromium-retry1/error-context.md]]

[[ATTACHMENT|artifacts/test_complete_flows-Comple-2ad26-e-flow-completes-to-summary-chromium-retry1/trace.zip]]
]]>
</system-out>
</testcase>
<testcase name="Complete Interview Flows › custody with children flow completes to summary" classname="test_complete_flows.spec.ts" time="24.214">
<failure message="test_complete_flows.spec.ts:89:7 custody with children flow completes to summary" type="FAILURE">
<![CDATA[  [chromium] › test_complete_flows.spec.ts:89:7 › Complete Interview Flows › custody with children flow completes to summary 

    TimeoutError: locator.click: Timeout 10000ms exceeded.
    Call log:
      - waiting for locator('input[type="radio"][value="True"]').first()
        - locator resolved to <input alt="Yes" type="radio" value="True" aria-label="Yes" aria-hidden="true" data-color="primary" id="Y2xhaW1pbmdfc3VwcG9ydA_0" name="Y2xhaW1pbmdfc3VwcG9ydA" class="da-to-labelauty labelauty da-active-invisible dafullwidth"/>
      - attempting click action
        2 × waiting for element to be visible, enabled and stable
          - element is not visible
        - retrying click action
        - waiting 20ms
        2 × waiting for element to be visible, enabled and stable
          - element is not visible
        - retrying click action
          - waiting 100ms
        19 × waiting for element to be visible, enabled and stable
           - element is not visible
         - retrying click action
           - waiting 500ms


      106 |     
      107 |     // Financial situation (appears because we're seeking support)
    > 108 |     await page.locator('input[type="radio"][value="True"]').first().click(); // Claiming support
          |                                                                     ^
      109 |     await page.locator('input[type="radio"][value="False"]').nth(1).click(); // Not paying
      110 |     await page.locator('input[type="radio"][value="False"]').nth(2).click(); // No real estate
      111 |     await page.locator('input[type="radio"][value="False"]').nth(3).click(); // No business
        at /Users/draw/development/docassemble/docassemble_webapp/docassemble/webapp/data/questions/ontario-family-law/tests/test_complete_flows.spec.ts:108:69

    attachment #1: screenshot (image/png) ──────────────────────────────────────────────────────────
    test-results/artifacts/test_complete_flows-Comple-0854c-n-flow-completes-to-summary-chromium/test-failed-1.png
    ────────────────────────────────────────────────────────────────────────────────────────────────

    attachment #2: video (video/webm) ──────────────────────────────────────────────────────────────
    test-results/artifacts/test_complete_flows-Comple-0854c-n-flow-completes-to-summary-chromium/video.webm
    ────────────────────────────────────────────────────────────────────────────────────────────────

    Error Context: test-results/artifacts/test_complete_flows-Comple-0854c-n-flow-completes-to-summary-chromium/error-context.md

    Retry #1 ───────────────────────────────────────────────────────────────────────────────────────

    Test was interrupted.

    attachment #1: screenshot (image/png) ──────────────────────────────────────────────────────────
    test-results/artifacts/test_complete_flows-Comple-0854c-n-flow-completes-to-summary-chromium-retry1/test-failed-1.png
    ────────────────────────────────────────────────────────────────────────────────────────────────

    attachment #2: video (video/webm) ──────────────────────────────────────────────────────────────
    test-results/artifacts/test_complete_flows-Comple-0854c-n-flow-completes-to-summary-chromium-retry1/video.webm
    ────────────────────────────────────────────────────────────────────────────────────────────────

    attachment #3: trace (application/zip) ─────────────────────────────────────────────────────────
    test-results/artifacts/test_complete_flows-Comple-0854c-n-flow-completes-to-summary-chromium-retry1/trace.zip
    Usage:

        npx playwright show-trace test-results/artifacts/test_complete_flows-Comple-0854c-n-flow-completes-to-summary-chromium-retry1/trace.zip

    ────────────────────────────────────────────────────────────────────────────────────────────────
]]>
</failure>
<system-out>
<![CDATA[Starting custody with children flow test...
✓ Orders with custody and support selected

[[ATTACHMENT|artifacts/test_complete_flows-Comple-0854c-n-flow-completes-to-summary-chromium/test-failed-1.png]]

[[ATTACHMENT|artifacts/test_complete_flows-Comple-0854c-n-flow-completes-to-summary-chromium/video.webm]]

[[ATTACHMENT|artifacts/test_complete_flows-Comple-0854c-n-flow-completes-to-summary-chromium/error-context.md]]
Starting custody with children flow test...
✓ Orders with custody and support selected

[[ATTACHMENT|artifacts/test_complete_flows-Comple-0854c-n-flow-completes-to-summary-chromium-retry1/test-failed-1.png]]

[[ATTACHMENT|artifacts/test_complete_flows-Comple-0854c-n-flow-completes-to-summary-chromium-retry1/video.webm]]

[[ATTACHMENT|artifacts/test_complete_flows-Comple-0854c-n-flow-completes-to-summary-chromium-retry1/trace.zip]]
]]>
</system-out>
</testcase>
<testcase name="Complete Interview Flows › emergency flow completes to summary" classname="test_complete_flows.spec.ts" time="0">
<skipped>
</skipped>
</testcase>
</testsuite>
<testsuite name="test_complete_flows.spec.ts" timestamp="2025-09-05T17:32:41.461Z" hostname="firefox" tests="3" failures="2" skipped="1" time="49.038" errors="0">
<testcase name="Complete Interview Flows › divorce flow completes to summary" classname="test_complete_flows.spec.ts" time="26.842">
<failure message="test_complete_flows.spec.ts:6:7 divorce flow completes to summary" type="FAILURE">
<![CDATA[  [firefox] › test_complete_flows.spec.ts:6:7 › Complete Interview Flows › divorce flow completes to summary 

    TimeoutError: locator.click: Timeout 10000ms exceeded.
    Call log:
      - waiting for locator('text=Divorce').first()
        - locator resolved to <button disabled type="submit" value="divorced" class="btn btn-da btn-light" name="cmVsYXRpb25zaGlwX3N0YXR1cw">Divorced</button>
      - attempting click action
        2 × waiting for element to be visible, enabled and stable
          - element is not enabled
        - retrying click action
        - waiting 20ms
        - waiting for element to be visible, enabled and stable
        - element is not enabled
      - retrying click action
        - waiting 100ms
        - waiting for element to be visible, enabled and stable
      - element was detached from the DOM, retrying
        - locator resolved to <span class="labelauty-unchecked">Divorce</span>
      - attempting click action
        2 × waiting for element to be visible, enabled and stable
          - element is not visible
        - retrying click action
        - waiting 20ms
        2 × waiting for element to be visible, enabled and stable
          - element is not visible
        - retrying click action
          - waiting 100ms
        19 × waiting for element to be visible, enabled and stable
           - element is not visible
         - retrying click action
           - waiting 500ms


      27 |     
      28 |     // Orders - Find and click divorce checkbox (use text-based approach)
    > 29 |     await page.locator('text=Divorce').first().click();
         |                                                ^
      30 |     await page.click('button:has-text("Continue")');
      31 |     console.log('✓ Orders selection completed');
      32 |     
        at /Users/draw/development/docassemble/docassemble_webapp/docassemble/webapp/data/questions/ontario-family-law/tests/test_complete_flows.spec.ts:29:48

    attachment #1: screenshot (image/png) ──────────────────────────────────────────────────────────
    test-results/artifacts/test_complete_flows-Comple-2ad26-e-flow-completes-to-summary-firefox/test-failed-1.png
    ────────────────────────────────────────────────────────────────────────────────────────────────

    attachment #2: video (video/webm) ──────────────────────────────────────────────────────────────
    test-results/artifacts/test_complete_flows-Comple-2ad26-e-flow-completes-to-summary-firefox/video.webm
    ────────────────────────────────────────────────────────────────────────────────────────────────

    Error Context: test-results/artifacts/test_complete_flows-Comple-2ad26-e-flow-completes-to-summary-firefox/error-context.md

    Retry #1 ───────────────────────────────────────────────────────────────────────────────────────

    TimeoutError: locator.click: Timeout 10000ms exceeded.
    Call log:
      - waiting for locator('text=Divorce').first()
        - locator resolved to <button disabled type="submit" value="divorced" class="btn btn-da btn-light" name="cmVsYXRpb25zaGlwX3N0YXR1cw">Divorced</button>
      - attempting click action
        2 × waiting for element to be visible, enabled and stable
          - element is not enabled
        - retrying click action
        - waiting 20ms
        - waiting for element to be visible, enabled and stable
        - element is not enabled
      - retrying click action
        - waiting 100ms
        - waiting for element to be visible, enabled and stable
      - element was detached from the DOM, retrying
        - locator resolved to <span class="labelauty-unchecked">Divorce</span>
      - attempting click action
        2 × waiting for element to be visible, enabled and stable
          - element is not visible
        - retrying click action
        - waiting 20ms
        2 × waiting for element to be visible, enabled and stable
          - element is not visible
        - retrying click action
          - waiting 100ms
        19 × waiting for element to be visible, enabled and stable
           - element is not visible
         - retrying click action
           - waiting 500ms


      27 |     
      28 |     // Orders - Find and click divorce checkbox (use text-based approach)
    > 29 |     await page.locator('text=Divorce').first().click();
         |                                                ^
      30 |     await page.click('button:has-text("Continue")');
      31 |     console.log('✓ Orders selection completed');
      32 |     
        at /Users/draw/development/docassemble/docassemble_webapp/docassemble/webapp/data/questions/ontario-family-law/tests/test_complete_flows.spec.ts:29:48

    attachment #1: screenshot (image/png) ──────────────────────────────────────────────────────────
    test-results/artifacts/test_complete_flows-Comple-2ad26-e-flow-completes-to-summary-firefox-retry1/test-failed-1.png
    ────────────────────────────────────────────────────────────────────────────────────────────────

    attachment #2: video (video/webm) ──────────────────────────────────────────────────────────────
    test-results/artifacts/test_complete_flows-Comple-2ad26-e-flow-completes-to-summary-firefox-retry1/video.webm
    ────────────────────────────────────────────────────────────────────────────────────────────────

    Error Context: test-results/artifacts/test_complete_flows-Comple-2ad26-e-flow-completes-to-summary-firefox-retry1/error-context.md

    attachment #4: trace (application/zip) ─────────────────────────────────────────────────────────
    test-results/artifacts/test_complete_flows-Comple-2ad26-e-flow-completes-to-summary-firefox-retry1/trace.zip
    Usage:

        npx playwright show-trace test-results/artifacts/test_complete_flows-Comple-2ad26-e-flow-completes-to-summary-firefox-retry1/trace.zip

    ────────────────────────────────────────────────────────────────────────────────────────────────
]]>
</failure>
<system-out>
<![CDATA[Starting divorce flow test...
✓ Introduction completed
✓ Emergency assessment completed
✓ MIP status completed
✓ Relationship status completed

[[ATTACHMENT|artifacts/test_complete_flows-Comple-2ad26-e-flow-completes-to-summary-firefox/test-failed-1.png]]

[[ATTACHMENT|artifacts/test_complete_flows-Comple-2ad26-e-flow-completes-to-summary-firefox/video.webm]]

[[ATTACHMENT|artifacts/test_complete_flows-Comple-2ad26-e-flow-completes-to-summary-firefox/error-context.md]]
Starting divorce flow test...
✓ Introduction completed
✓ Emergency assessment completed
✓ MIP status completed
✓ Relationship status completed

[[ATTACHMENT|artifacts/test_complete_flows-Comple-2ad26-e-flow-completes-to-summary-firefox-retry1/test-failed-1.png]]

[[ATTACHMENT|artifacts/test_complete_flows-Comple-2ad26-e-flow-completes-to-summary-firefox-retry1/video.webm]]

[[ATTACHMENT|artifacts/test_complete_flows-Comple-2ad26-e-flow-completes-to-summary-firefox-retry1/error-context.md]]

[[ATTACHMENT|artifacts/test_complete_flows-Comple-2ad26-e-flow-completes-to-summary-firefox-retry1/trace.zip]]
]]>
</system-out>
</testcase>
<testcase name="Complete Interview Flows › custody with children flow completes to summary" classname="test_complete_flows.spec.ts" time="22.196">
<failure message="test_complete_flows.spec.ts:89:7 custody with children flow completes to summary" type="FAILURE">
<![CDATA[  [firefox] › test_complete_flows.spec.ts:89:7 › Complete Interview Flows › custody with children flow completes to summary 

    TimeoutError: locator.click: Timeout 10000ms exceeded.
    Call log:
      - waiting for locator('input[type="radio"][value="True"]').first()
        - locator resolved to <input alt="Yes" type="radio" value="True" aria-label="Yes" aria-hidden="true" data-color="primary" id="Y2xhaW1pbmdfc3VwcG9ydA_0" name="Y2xhaW1pbmdfc3VwcG9ydA" class="da-to-labelauty labelauty da-active-invisible dafullwidth"/>
      - attempting click action
        2 × waiting for element to be visible, enabled and stable
          - element is not visible
        - retrying click action
        - waiting 20ms
        2 × waiting for element to be visible, enabled and stable
          - element is not visible
        - retrying click action
          - waiting 100ms
        19 × waiting for element to be visible, enabled and stable
           - element is not visible
         - retrying click action
           - waiting 500ms


      106 |     
      107 |     // Financial situation (appears because we're seeking support)
    > 108 |     await page.locator('input[type="radio"][value="True"]').first().click(); // Claiming support
          |                                                                     ^
      109 |     await page.locator('input[type="radio"][value="False"]').nth(1).click(); // Not paying
      110 |     await page.locator('input[type="radio"][value="False"]').nth(2).click(); // No real estate
      111 |     await page.locator('input[type="radio"][value="False"]').nth(3).click(); // No business
        at /Users/draw/development/docassemble/docassemble_webapp/docassemble/webapp/data/questions/ontario-family-law/tests/test_complete_flows.spec.ts:108:69

    attachment #1: screenshot (image/png) ──────────────────────────────────────────────────────────
    test-results/artifacts/test_complete_flows-Comple-0854c-n-flow-completes-to-summary-firefox/test-failed-1.png
    ────────────────────────────────────────────────────────────────────────────────────────────────

    attachment #2: video (video/webm) ──────────────────────────────────────────────────────────────
    test-results/artifacts/test_complete_flows-Comple-0854c-n-flow-completes-to-summary-firefox/video.webm
    ────────────────────────────────────────────────────────────────────────────────────────────────

    Error Context: test-results/artifacts/test_complete_flows-Comple-0854c-n-flow-completes-to-summary-firefox/error-context.md

    Retry #1 ───────────────────────────────────────────────────────────────────────────────────────

    Test was interrupted.

    attachment #1: screenshot (image/png) ──────────────────────────────────────────────────────────
    test-results/artifacts/test_complete_flows-Comple-0854c-n-flow-completes-to-summary-firefox-retry1/test-failed-1.png
    ────────────────────────────────────────────────────────────────────────────────────────────────

    attachment #2: video (video/webm) ──────────────────────────────────────────────────────────────
    test-results/artifacts/test_complete_flows-Comple-0854c-n-flow-completes-to-summary-firefox-retry1/video.webm
    ────────────────────────────────────────────────────────────────────────────────────────────────

    attachment #3: trace (application/zip) ─────────────────────────────────────────────────────────
    test-results/artifacts/test_complete_flows-Comple-0854c-n-flow-completes-to-summary-firefox-retry1/trace.zip
    Usage:

        npx playwright show-trace test-results/artifacts/test_complete_flows-Comple-0854c-n-flow-completes-to-summary-firefox-retry1/trace.zip

    ────────────────────────────────────────────────────────────────────────────────────────────────
]]>
</failure>
<system-out>
<![CDATA[Starting custody with children flow test...
✓ Orders with custody and support selected

[[ATTACHMENT|artifacts/test_complete_flows-Comple-0854c-n-flow-completes-to-summary-firefox/test-failed-1.png]]

[[ATTACHMENT|artifacts/test_complete_flows-Comple-0854c-n-flow-completes-to-summary-firefox/video.webm]]

[[ATTACHMENT|artifacts/test_complete_flows-Comple-0854c-n-flow-completes-to-summary-firefox/error-context.md]]
Starting custody with children flow test...
✓ Orders with custody and support selected

[[ATTACHMENT|artifacts/test_complete_flows-Comple-0854c-n-flow-completes-to-summary-firefox-retry1/test-failed-1.png]]

[[ATTACHMENT|artifacts/test_complete_flows-Comple-0854c-n-flow-completes-to-summary-firefox-retry1/video.webm]]

[[ATTACHMENT|artifacts/test_complete_flows-Comple-0854c-n-flow-completes-to-summary-firefox-retry1/trace.zip]]
]]>
</system-out>
</testcase>
<testcase name="Complete Interview Flows › emergency flow completes to summary" classname="test_complete_flows.spec.ts" time="0">
<skipped>
</skipped>
</testcase>
</testsuite>
<testsuite name="test_complete_flows.spec.ts" timestamp="2025-09-05T17:32:41.461Z" hostname="webkit" tests="3" failures="2" skipped="1" time="51.953" errors="0">
<testcase name="Complete Interview Flows › divorce flow completes to summary" classname="test_complete_flows.spec.ts" time="26.024">
<failure message="test_complete_flows.spec.ts:6:7 divorce flow completes to summary" type="FAILURE">
<![CDATA[  [webkit] › test_complete_flows.spec.ts:6:7 › Complete Interview Flows › divorce flow completes to summary 

    TimeoutError: locator.click: Timeout 10000ms exceeded.
    Call log:
      - waiting for locator('text=Divorce').first()
        - locator resolved to <button disabled type="submit" value="divorced" class="btn btn-da btn-light" name="cmVsYXRpb25zaGlwX3N0YXR1cw">Divorced</button>
      - attempting click action
        2 × waiting for element to be visible, enabled and stable
          - element is not enabled
        - retrying click action
        - waiting 20ms
        - waiting for element to be visible, enabled and stable
        - element is not enabled
      - retrying click action
        - waiting 100ms
        - waiting for element to be visible, enabled and stable
      - element was detached from the DOM, retrying
        - locator resolved to <span class="labelauty-unchecked">Divorce</span>
      - attempting click action
        2 × waiting for element to be visible, enabled and stable
          - element is not visible
        - retrying click action
        - waiting 20ms
        2 × waiting for element to be visible, enabled and stable
          - element is not visible
        - retrying click action
          - waiting 100ms
        18 × waiting for element to be visible, enabled and stable
           - element is not visible
         - retrying click action
           - waiting 500ms


      27 |     
      28 |     // Orders - Find and click divorce checkbox (use text-based approach)
    > 29 |     await page.locator('text=Divorce').first().click();
         |                                                ^
      30 |     await page.click('button:has-text("Continue")');
      31 |     console.log('✓ Orders selection completed');
      32 |     
        at /Users/draw/development/docassemble/docassemble_webapp/docassemble/webapp/data/questions/ontario-family-law/tests/test_complete_flows.spec.ts:29:48

    attachment #1: screenshot (image/png) ──────────────────────────────────────────────────────────
    test-results/artifacts/test_complete_flows-Comple-2ad26-e-flow-completes-to-summary-webkit/test-failed-1.png
    ────────────────────────────────────────────────────────────────────────────────────────────────

    attachment #2: video (video/webm) ──────────────────────────────────────────────────────────────
    test-results/artifacts/test_complete_flows-Comple-2ad26-e-flow-completes-to-summary-webkit/video.webm
    ────────────────────────────────────────────────────────────────────────────────────────────────

    Error Context: test-results/artifacts/test_complete_flows-Comple-2ad26-e-flow-completes-to-summary-webkit/error-context.md

    Retry #1 ───────────────────────────────────────────────────────────────────────────────────────

    TimeoutError: locator.click: Timeout 10000ms exceeded.
    Call log:
      - waiting for locator('text=Divorce').first()
        - locator resolved to <button disabled type="submit" value="divorced" class="btn btn-da btn-light" name="cmVsYXRpb25zaGlwX3N0YXR1cw">Divorced</button>
      - attempting click action
        2 × waiting for element to be visible, enabled and stable
          - element is not enabled
        - retrying click action
        - waiting 20ms
        - waiting for element to be visible, enabled and stable
      - element was detached from the DOM, retrying
        - locator resolved to <span class="labelauty-unchecked">Divorce</span>
      - attempting click action
        2 × waiting for element to be visible, enabled and stable
          - element is not visible
        - retrying click action
        - waiting 20ms
        2 × waiting for element to be visible, enabled and stable
          - element is not visible
        - retrying click action
          - waiting 100ms
        19 × waiting for element to be visible, enabled and stable
           - element is not visible
         - retrying click action
           - waiting 500ms


      27 |     
      28 |     // Orders - Find and click divorce checkbox (use text-based approach)
    > 29 |     await page.locator('text=Divorce').first().click();
         |                                                ^
      30 |     await page.click('button:has-text("Continue")');
      31 |     console.log('✓ Orders selection completed');
      32 |     
        at /Users/draw/development/docassemble/docassemble_webapp/docassemble/webapp/data/questions/ontario-family-law/tests/test_complete_flows.spec.ts:29:48

    attachment #1: screenshot (image/png) ──────────────────────────────────────────────────────────
    test-results/artifacts/test_complete_flows-Comple-2ad26-e-flow-completes-to-summary-webkit-retry1/test-failed-1.png
    ────────────────────────────────────────────────────────────────────────────────────────────────

    attachment #2: video (video/webm) ──────────────────────────────────────────────────────────────
    test-results/artifacts/test_complete_flows-Comple-2ad26-e-flow-completes-to-summary-webkit-retry1/video.webm
    ────────────────────────────────────────────────────────────────────────────────────────────────

    Error Context: test-results/artifacts/test_complete_flows-Comple-2ad26-e-flow-completes-to-summary-webkit-retry1/error-context.md

    attachment #4: trace (application/zip) ─────────────────────────────────────────────────────────
    test-results/artifacts/test_complete_flows-Comple-2ad26-e-flow-completes-to-summary-webkit-retry1/trace.zip
    Usage:

        npx playwright show-trace test-results/artifacts/test_complete_flows-Comple-2ad26-e-flow-completes-to-summary-webkit-retry1/trace.zip

    ────────────────────────────────────────────────────────────────────────────────────────────────
]]>
</failure>
<system-out>
<![CDATA[Starting divorce flow test...
✓ Introduction completed
✓ Emergency assessment completed
✓ MIP status completed
✓ Relationship status completed

[[ATTACHMENT|artifacts/test_complete_flows-Comple-2ad26-e-flow-completes-to-summary-webkit/test-failed-1.png]]

[[ATTACHMENT|artifacts/test_complete_flows-Comple-2ad26-e-flow-completes-to-summary-webkit/video.webm]]

[[ATTACHMENT|artifacts/test_complete_flows-Comple-2ad26-e-flow-completes-to-summary-webkit/error-context.md]]
Starting divorce flow test...
✓ Introduction completed
✓ Emergency assessment completed
✓ MIP status completed
✓ Relationship status completed

[[ATTACHMENT|artifacts/test_complete_flows-Comple-2ad26-e-flow-completes-to-summary-webkit-retry1/test-failed-1.png]]

[[ATTACHMENT|artifacts/test_complete_flows-Comple-2ad26-e-flow-completes-to-summary-webkit-retry1/video.webm]]

[[ATTACHMENT|artifacts/test_complete_flows-Comple-2ad26-e-flow-completes-to-summary-webkit-retry1/error-context.md]]

[[ATTACHMENT|artifacts/test_complete_flows-Comple-2ad26-e-flow-completes-to-summary-webkit-retry1/trace.zip]]
]]>
</system-out>
</testcase>
<testcase name="Complete Interview Flows › custody with children flow completes to summary" classname="test_complete_flows.spec.ts" time="25.929">
<failure message="test_complete_flows.spec.ts:89:7 custody with children flow completes to summary" type="FAILURE">
<![CDATA[  [webkit] › test_complete_flows.spec.ts:89:7 › Complete Interview Flows › custody with children flow completes to summary 

    TimeoutError: locator.click: Timeout 10000ms exceeded.
    Call log:
      - waiting for locator('input[type="radio"][value="True"]').first()
        - locator resolved to <input alt="Yes" type="radio" value="True" aria-label="Yes" aria-hidden="true" data-color="primary" id="Y2xhaW1pbmdfc3VwcG9ydA_0" name="Y2xhaW1pbmdfc3VwcG9ydA" class="da-to-labelauty labelauty da-active-invisible dafullwidth"/>
      - attempting click action
        2 × waiting for element to be visible, enabled and stable
          - element is not visible
        - retrying click action
        - waiting 20ms
        2 × waiting for element to be visible, enabled and stable
          - element is not visible
        - retrying click action
          - waiting 100ms
        19 × waiting for element to be visible, enabled and stable
           - element is not visible
         - retrying click action
           - waiting 500ms


      106 |     
      107 |     // Financial situation (appears because we're seeking support)
    > 108 |     await page.locator('input[type="radio"][value="True"]').first().click(); // Claiming support
          |                                                                     ^
      109 |     await page.locator('input[type="radio"][value="False"]').nth(1).click(); // Not paying
      110 |     await page.locator('input[type="radio"][value="False"]').nth(2).click(); // No real estate
      111 |     await page.locator('input[type="radio"][value="False"]').nth(3).click(); // No business
        at /Users/draw/development/docassemble/docassemble_webapp/docassemble/webapp/data/questions/ontario-family-law/tests/test_complete_flows.spec.ts:108:69

    attachment #1: screenshot (image/png) ──────────────────────────────────────────────────────────
    test-results/artifacts/test_complete_flows-Comple-0854c-n-flow-completes-to-summary-webkit/test-failed-1.png
    ────────────────────────────────────────────────────────────────────────────────────────────────

    attachment #2: video (video/webm) ──────────────────────────────────────────────────────────────
    test-results/artifacts/test_complete_flows-Comple-0854c-n-flow-completes-to-summary-webkit/video.webm
    ────────────────────────────────────────────────────────────────────────────────────────────────

    Error Context: test-results/artifacts/test_complete_flows-Comple-0854c-n-flow-completes-to-summary-webkit/error-context.md

    Retry #1 ───────────────────────────────────────────────────────────────────────────────────────

    TimeoutError: locator.click: Timeout 10000ms exceeded.
    Call log:
      - waiting for locator('input[type="radio"][value="True"]').first()
        - locator resolved to <input alt="Yes" type="radio" value="True" aria-label="Yes" aria-hidden="true" data-color="primary" id="Y2xhaW1pbmdfc3VwcG9ydA_0" name="Y2xhaW1pbmdfc3VwcG9ydA" class="da-to-labelauty labelauty da-active-invisible dafullwidth"/>
      - attempting click action
        2 × waiting for element to be visible, enabled and stable
          - element is not visible
        - retrying click action
        - waiting 20ms
        2 × waiting for element to be visible, enabled and stable
          - element is not visible
        - retrying click action
          - waiting 100ms
        19 × waiting for element to be visible, enabled and stable
           - element is not visible
         - retrying click action
           - waiting 500ms


      106 |     
      107 |     // Financial situation (appears because we're seeking support)
    > 108 |     await page.locator('input[type="radio"][value="True"]').first().click(); // Claiming support
          |                                                                     ^
      109 |     await page.locator('input[type="radio"][value="False"]').nth(1).click(); // Not paying
      110 |     await page.locator('input[type="radio"][value="False"]').nth(2).click(); // No real estate
      111 |     await page.locator('input[type="radio"][value="False"]').nth(3).click(); // No business
        at /Users/draw/development/docassemble/docassemble_webapp/docassemble/webapp/data/questions/ontario-family-law/tests/test_complete_flows.spec.ts:108:69

    attachment #1: screenshot (image/png) ──────────────────────────────────────────────────────────
    test-results/artifacts/test_complete_flows-Comple-0854c-n-flow-completes-to-summary-webkit-retry1/test-failed-1.png
    ────────────────────────────────────────────────────────────────────────────────────────────────

    attachment #2: video (video/webm) ──────────────────────────────────────────────────────────────
    test-results/artifacts/test_complete_flows-Comple-0854c-n-flow-completes-to-summary-webkit-retry1/video.webm
    ────────────────────────────────────────────────────────────────────────────────────────────────

    Error Context: test-results/artifacts/test_complete_flows-Comple-0854c-n-flow-completes-to-summary-webkit-retry1/error-context.md

    attachment #4: trace (application/zip) ─────────────────────────────────────────────────────────
    test-results/artifacts/test_complete_flows-Comple-0854c-n-flow-completes-to-summary-webkit-retry1/trace.zip
    Usage:

        npx playwright show-trace test-results/artifacts/test_complete_flows-Comple-0854c-n-flow-completes-to-summary-webkit-retry1/trace.zip

    ────────────────────────────────────────────────────────────────────────────────────────────────
]]>
</failure>
<system-out>
<![CDATA[Starting custody with children flow test...
✓ Orders with custody and support selected

[[ATTACHMENT|artifacts/test_complete_flows-Comple-0854c-n-flow-completes-to-summary-webkit/test-failed-1.png]]

[[ATTACHMENT|artifacts/test_complete_flows-Comple-0854c-n-flow-completes-to-summary-webkit/video.webm]]

[[ATTACHMENT|artifacts/test_complete_flows-Comple-0854c-n-flow-completes-to-summary-webkit/error-context.md]]
Starting custody with children flow test...
✓ Orders with custody and support selected

[[ATTACHMENT|artifacts/test_complete_flows-Comple-0854c-n-flow-completes-to-summary-webkit-retry1/test-failed-1.png]]

[[ATTACHMENT|artifacts/test_complete_flows-Comple-0854c-n-flow-completes-to-summary-webkit-retry1/video.webm]]

[[ATTACHMENT|artifacts/test_complete_flows-Comple-0854c-n-flow-completes-to-summary-webkit-retry1/error-context.md]]

[[ATTACHMENT|artifacts/test_complete_flows-Comple-0854c-n-flow-completes-to-summary-webkit-retry1/trace.zip]]
]]>
</system-out>
</testcase>
<testcase name="Complete Interview Flows › emergency flow completes to summary" classname="test_complete_flows.spec.ts" time="0">
<skipped>
</skipped>
</testcase>
</testsuite>
<testsuite name="test_complete_flows.spec.ts" timestamp="2025-09-05T17:32:41.461Z" hostname="mobile-chrome" tests="3" failures="2" skipped="1" time="51.159" errors="0">
<testcase name="Complete Interview Flows › divorce flow completes to summary" classname="test_complete_flows.spec.ts" time="26.239">
<failure message="test_complete_flows.spec.ts:6:7 divorce flow completes to summary" type="FAILURE">
<![CDATA[  [mobile-chrome] › test_complete_flows.spec.ts:6:7 › Complete Interview Flows › divorce flow completes to summary 

    TimeoutError: locator.click: Timeout 10000ms exceeded.
    Call log:
      - waiting for locator('text=Divorce').first()
        - locator resolved to <button type="submit" value="divorced" class="btn btn-da btn-light" name="cmVsYXRpb25zaGlwX3N0YXR1cw">Divorced</button>
      - attempting click action
        - waiting for element to be visible, enabled and stable
        - element is not enabled
      - retrying click action
        - waiting for element to be visible, enabled and stable
        - element is not stable
      - retrying click action
        - waiting 20ms
        - waiting for element to be visible, enabled and stable
      - element was detached from the DOM, retrying
        - locator resolved to <span class="labelauty-unchecked">Divorce</span>
      - attempting click action
        2 × waiting for element to be visible, enabled and stable
          - element is not visible
        - retrying click action
        - waiting 20ms
        2 × waiting for element to be visible, enabled and stable
          - element is not visible
        - retrying click action
          - waiting 100ms
        18 × waiting for element to be visible, enabled and stable
           - element is not visible
         - retrying click action
           - waiting 500ms


      27 |     
      28 |     // Orders - Find and click divorce checkbox (use text-based approach)
    > 29 |     await page.locator('text=Divorce').first().click();
         |                                                ^
      30 |     await page.click('button:has-text("Continue")');
      31 |     console.log('✓ Orders selection completed');
      32 |     
        at /Users/draw/development/docassemble/docassemble_webapp/docassemble/webapp/data/questions/ontario-family-law/tests/test_complete_flows.spec.ts:29:48

    attachment #1: screenshot (image/png) ──────────────────────────────────────────────────────────
    test-results/artifacts/test_complete_flows-Comple-2ad26-e-flow-completes-to-summary-mobile-chrome/test-failed-1.png
    ────────────────────────────────────────────────────────────────────────────────────────────────

    attachment #2: video (video/webm) ──────────────────────────────────────────────────────────────
    test-results/artifacts/test_complete_flows-Comple-2ad26-e-flow-completes-to-summary-mobile-chrome/video.webm
    ────────────────────────────────────────────────────────────────────────────────────────────────

    Error Context: test-results/artifacts/test_complete_flows-Comple-2ad26-e-flow-completes-to-summary-mobile-chrome/error-context.md

    Retry #1 ───────────────────────────────────────────────────────────────────────────────────────

    TimeoutError: locator.click: Timeout 10000ms exceeded.
    Call log:
      - waiting for locator('text=Divorce').first()
        - locator resolved to <button disabled type="submit" value="divorced" class="btn btn-da btn-light" name="cmVsYXRpb25zaGlwX3N0YXR1cw">Divorced</button>
      - attempting click action
        2 × waiting for element to be visible, enabled and stable
          - element is not enabled
        - retrying click action
        - waiting 20ms
        - waiting for element to be visible, enabled and stable
        - element is not enabled
      - retrying click action
        - waiting 100ms
        - waiting for element to be visible, enabled and stable
      - element was detached from the DOM, retrying
        - locator resolved to <span class="labelauty-unchecked">Divorce</span>
      - attempting click action
        2 × waiting for element to be visible, enabled and stable
          - element is not visible
        - retrying click action
        - waiting 20ms
        2 × waiting for element to be visible, enabled and stable
          - element is not visible
        - retrying click action
          - waiting 100ms
        19 × waiting for element to be visible, enabled and stable
           - element is not visible
         - retrying click action
           - waiting 500ms


      27 |     
      28 |     // Orders - Find and click divorce checkbox (use text-based approach)
    > 29 |     await page.locator('text=Divorce').first().click();
         |                                                ^
      30 |     await page.click('button:has-text("Continue")');
      31 |     console.log('✓ Orders selection completed');
      32 |     
        at /Users/draw/development/docassemble/docassemble_webapp/docassemble/webapp/data/questions/ontario-family-law/tests/test_complete_flows.spec.ts:29:48

    attachment #1: screenshot (image/png) ──────────────────────────────────────────────────────────
    test-results/artifacts/test_complete_flows-Comple-2ad26-e-flow-completes-to-summary-mobile-chrome-retry1/test-failed-1.png
    ────────────────────────────────────────────────────────────────────────────────────────────────

    attachment #2: video (video/webm) ──────────────────────────────────────────────────────────────
    test-results/artifacts/test_complete_flows-Comple-2ad26-e-flow-completes-to-summary-mobile-chrome-retry1/video.webm
    ────────────────────────────────────────────────────────────────────────────────────────────────

    Error Context: test-results/artifacts/test_complete_flows-Comple-2ad26-e-flow-completes-to-summary-mobile-chrome-retry1/error-context.md

    attachment #4: trace (application/zip) ─────────────────────────────────────────────────────────
    test-results/artifacts/test_complete_flows-Comple-2ad26-e-flow-completes-to-summary-mobile-chrome-retry1/trace.zip
    Usage:

        npx playwright show-trace test-results/artifacts/test_complete_flows-Comple-2ad26-e-flow-completes-to-summary-mobile-chrome-retry1/trace.zip

    ────────────────────────────────────────────────────────────────────────────────────────────────
]]>
</failure>
<system-out>
<![CDATA[Starting divorce flow test...
✓ Introduction completed
✓ Emergency assessment completed
✓ MIP status completed
✓ Relationship status completed

[[ATTACHMENT|artifacts/test_complete_flows-Comple-2ad26-e-flow-completes-to-summary-mobile-chrome/test-failed-1.png]]

[[ATTACHMENT|artifacts/test_complete_flows-Comple-2ad26-e-flow-completes-to-summary-mobile-chrome/video.webm]]

[[ATTACHMENT|artifacts/test_complete_flows-Comple-2ad26-e-flow-completes-to-summary-mobile-chrome/error-context.md]]
Starting divorce flow test...
✓ Introduction completed
✓ Emergency assessment completed
✓ MIP status completed
✓ Relationship status completed

[[ATTACHMENT|artifacts/test_complete_flows-Comple-2ad26-e-flow-completes-to-summary-mobile-chrome-retry1/test-failed-1.png]]

[[ATTACHMENT|artifacts/test_complete_flows-Comple-2ad26-e-flow-completes-to-summary-mobile-chrome-retry1/video.webm]]

[[ATTACHMENT|artifacts/test_complete_flows-Comple-2ad26-e-flow-completes-to-summary-mobile-chrome-retry1/error-context.md]]

[[ATTACHMENT|artifacts/test_complete_flows-Comple-2ad26-e-flow-completes-to-summary-mobile-chrome-retry1/trace.zip]]
]]>
</system-out>
</testcase>
<testcase name="Complete Interview Flows › custody with children flow completes to summary" classname="test_complete_flows.spec.ts" time="24.92">
<failure message="test_complete_flows.spec.ts:89:7 custody with children flow completes to summary" type="FAILURE">
<![CDATA[  [mobile-chrome] › test_complete_flows.spec.ts:89:7 › Complete Interview Flows › custody with children flow completes to summary 

    TimeoutError: locator.click: Timeout 10000ms exceeded.
    Call log:
      - waiting for locator('input[type="radio"][value="True"]').first()
        - locator resolved to <input alt="Yes" type="radio" value="True" aria-label="Yes" aria-hidden="true" data-color="primary" id="Y2xhaW1pbmdfc3VwcG9ydA_0" name="Y2xhaW1pbmdfc3VwcG9ydA" class="da-to-labelauty labelauty da-active-invisible dafullwidth"/>
      - attempting click action
        2 × waiting for element to be visible, enabled and stable
          - element is not visible
        - retrying click action
        - waiting 20ms
        2 × waiting for element to be visible, enabled and stable
          - element is not visible
        - retrying click action
          - waiting 100ms
        19 × waiting for element to be visible, enabled and stable
           - element is not visible
         - retrying click action
           - waiting 500ms


      106 |     
      107 |     // Financial situation (appears because we're seeking support)
    > 108 |     await page.locator('input[type="radio"][value="True"]').first().click(); // Claiming support
          |                                                                     ^
      109 |     await page.locator('input[type="radio"][value="False"]').nth(1).click(); // Not paying
      110 |     await page.locator('input[type="radio"][value="False"]').nth(2).click(); // No real estate
      111 |     await page.locator('input[type="radio"][value="False"]').nth(3).click(); // No business
        at /Users/draw/development/docassemble/docassemble_webapp/docassemble/webapp/data/questions/ontario-family-law/tests/test_complete_flows.spec.ts:108:69

    attachment #1: screenshot (image/png) ──────────────────────────────────────────────────────────
    test-results/artifacts/test_complete_flows-Comple-0854c-n-flow-completes-to-summary-mobile-chrome/test-failed-1.png
    ────────────────────────────────────────────────────────────────────────────────────────────────

    attachment #2: video (video/webm) ──────────────────────────────────────────────────────────────
    test-results/artifacts/test_complete_flows-Comple-0854c-n-flow-completes-to-summary-mobile-chrome/video.webm
    ────────────────────────────────────────────────────────────────────────────────────────────────

    Error Context: test-results/artifacts/test_complete_flows-Comple-0854c-n-flow-completes-to-summary-mobile-chrome/error-context.md

    Retry #1 ───────────────────────────────────────────────────────────────────────────────────────

    Test was interrupted.

    attachment #1: screenshot (image/png) ──────────────────────────────────────────────────────────
    test-results/artifacts/test_complete_flows-Comple-0854c-n-flow-completes-to-summary-mobile-chrome-retry1/test-failed-1.png
    ────────────────────────────────────────────────────────────────────────────────────────────────

    attachment #2: video (video/webm) ──────────────────────────────────────────────────────────────
    test-results/artifacts/test_complete_flows-Comple-0854c-n-flow-completes-to-summary-mobile-chrome-retry1/video.webm
    ────────────────────────────────────────────────────────────────────────────────────────────────

    attachment #3: trace (application/zip) ─────────────────────────────────────────────────────────
    test-results/artifacts/test_complete_flows-Comple-0854c-n-flow-completes-to-summary-mobile-chrome-retry1/trace.zip
    Usage:

        npx playwright show-trace test-results/artifacts/test_complete_flows-Comple-0854c-n-flow-completes-to-summary-mobile-chrome-retry1/trace.zip

    ────────────────────────────────────────────────────────────────────────────────────────────────
]]>
</failure>
<system-out>
<![CDATA[Starting custody with children flow test...
✓ Orders with custody and support selected

[[ATTACHMENT|artifacts/test_complete_flows-Comple-0854c-n-flow-completes-to-summary-mobile-chrome/test-failed-1.png]]

[[ATTACHMENT|artifacts/test_complete_flows-Comple-0854c-n-flow-completes-to-summary-mobile-chrome/video.webm]]

[[ATTACHMENT|artifacts/test_complete_flows-Comple-0854c-n-flow-completes-to-summary-mobile-chrome/error-context.md]]
Starting custody with children flow test...
✓ Orders with custody and support selected

[[ATTACHMENT|artifacts/test_complete_flows-Comple-0854c-n-flow-completes-to-summary-mobile-chrome-retry1/test-failed-1.png]]

[[ATTACHMENT|artifacts/test_complete_flows-Comple-0854c-n-flow-completes-to-summary-mobile-chrome-retry1/video.webm]]

[[ATTACHMENT|artifacts/test_complete_flows-Comple-0854c-n-flow-completes-to-summary-mobile-chrome-retry1/trace.zip]]
]]>
</system-out>
</testcase>
<testcase name="Complete Interview Flows › emergency flow completes to summary" classname="test_complete_flows.spec.ts" time="0">
<skipped>
</skipped>
</testcase>
</testsuite>
<testsuite name="test_complete_flows.spec.ts" timestamp="2025-09-05T17:32:41.461Z" hostname="mobile-safari" tests="3" failures="0" skipped="3" time="0" errors="0">
<testcase name="Complete Interview Flows › divorce flow completes to summary" classname="test_complete_flows.spec.ts" time="0">
<skipped>
</skipped>
</testcase>
<testcase name="Complete Interview Flows › custody with children flow completes to summary" classname="test_complete_flows.spec.ts" time="0">
<skipped>
</skipped>
</testcase>
<testcase name="Complete Interview Flows › emergency flow completes to summary" classname="test_complete_flows.spec.ts" time="0">
<skipped>
</skipped>
</testcase>
</testsuite>
</testsuites>